starting build

**********************************************************************

Test build
build project using make

**********************************************************************
Trying to clean project using make clean
make clean
rm -f runtests
rm -f *.pyc
rm -f gen1
rm -f gen2
rm -f gen3
Trying to build project using make
make
echo "#!/bin/bash" > runtests
echo "base=~cs537-1/ta/tests/1a-contest" >> runtests
echo "python \$base/project1a-contest.py --test-path \$base \$@"\
		" | tee runtests_contest.log" >> runtests
echo "exit \$?" >> runtests
chmod a+x runtests
g++ -O -Wall gen1.cpp -o gen1 -std=c++11
g++ -O -Wall gen2.cpp -o gen2 -std=c++11
g++ -O -Wall gen3.cpp -o gen3 -std=c++11
Trying to build using gcc
gcc -O -Wall -o fastsort fastsort.c -I/afs/cs.wisc.edu/p/course/cs537-remzi/ta/tests/1a
gcc.bin: error: fastsort.c: No such file or directory
gcc.bin: fatal error: no input files
compilation terminated.


test build FAILED
 (build project using make)
 gcc returned error 1

starting empty

**********************************************************************

Test empty
empty input file

**********************************************************************
Running fastsort
/tmp/tmpK571qq/p/fastsort /afs/cs.wisc.edu/p/course/cs537-remzi/ta/tests/1a/input/empty
OSError: [Errno 2] No such file or directory


test empty FAILED (0 of 10)
 (empty input file)
 Unexpected exception [Errno 2] No such file or directory

starting one

**********************************************************************

Test one
a single record

**********************************************************************
Running fastsort
/tmp/tmpK571qq/p/fastsort /afs/cs.wisc.edu/p/course/cs537-remzi/ta/tests/1a/input/one
OSError: [Errno 2] No such file or directory


test one FAILED (0 of 10)
 (a single record)
 Unexpected exception [Errno 2] No such file or directory

starting five1

**********************************************************************

Test five1
five records

**********************************************************************
Running fastsort
/tmp/tmpK571qq/p/fastsort /afs/cs.wisc.edu/p/course/cs537-remzi/ta/tests/1a/input/five1
OSError: [Errno 2] No such file or directory


test five1 FAILED (0 of 10)
 (five records)
 Unexpected exception [Errno 2] No such file or directory

starting five2

**********************************************************************

Test five2
five records

**********************************************************************
Running fastsort
/tmp/tmpK571qq/p/fastsort -2 /afs/cs.wisc.edu/p/course/cs537-remzi/ta/tests/1a/input/five2
OSError: [Errno 2] No such file or directory


test five2 FAILED (0 of 10)
 (five records)
 Unexpected exception [Errno 2] No such file or directory

starting misskeys

**********************************************************************

Test misskeys
missing keys in some lines

**********************************************************************
Running fastsort
/tmp/tmpK571qq/p/fastsort -5 /afs/cs.wisc.edu/p/course/cs537-remzi/ta/tests/1a/input/missing_keys
OSError: [Errno 2] No such file or directory


test misskeys FAILED (0 of 10)
 (missing keys in some lines)
 Unexpected exception [Errno 2] No such file or directory

starting arg

**********************************************************************

Test arg
Bad arguments

**********************************************************************
/tmp/tmpK571qq/p/fastsort
OSError: [Errno 2] No such file or directory


test arg FAILED (0 of 10)
 (Bad arguments)
 Unexpected exception [Errno 2] No such file or directory

starting arg2

**********************************************************************

Test arg2
Bad arguments

**********************************************************************
/tmp/tmpK571qq/p/fastsort a b c d
OSError: [Errno 2] No such file or directory


test arg2 FAILED (0 of 10)
 (Bad arguments)
 Unexpected exception [Errno 2] No such file or directory

starting arg3

**********************************************************************

Test arg3
Invalid key value

**********************************************************************
/tmp/tmpK571qq/p/fastsort -i input/empty
OSError: [Errno 2] No such file or directory


test arg3 FAILED (0 of 10)
 (Invalid key value)
 Unexpected exception [Errno 2] No such file or directory

starting badin

**********************************************************************

Test badin
Bad input file

**********************************************************************
/tmp/tmpK571qq/p/fastsort /invalid/path/dJ4JCD
OSError: [Errno 2] No such file or directory


test badin FAILED (0 of 10)
 (Bad input file)
 Unexpected exception [Errno 2] No such file or directory

starting toolong

**********************************************************************

Test toolong
some line has more than 128 characters

**********************************************************************
/tmp/tmpK571qq/p/fastsort /afs/cs.wisc.edu/p/course/cs537-remzi/ta/tests/1a/input/toolong
OSError: [Errno 2] No such file or directory


test toolong FAILED (0 of 10)
 (some line has more than 128 characters)
 Unexpected exception [Errno 2] No such file or directory

**********************************************************************
Summary:
test build FAILED
 (build project using make)
 gcc returned error 1

test empty FAILED (0 of 10)
 (empty input file)
 Unexpected exception [Errno 2] No such file or directory

test one FAILED (0 of 10)
 (a single record)
 Unexpected exception [Errno 2] No such file or directory

test five1 FAILED (0 of 10)
 (five records)
 Unexpected exception [Errno 2] No such file or directory

test five2 FAILED (0 of 10)
 (five records)
 Unexpected exception [Errno 2] No such file or directory

test misskeys FAILED (0 of 10)
 (missing keys in some lines)
 Unexpected exception [Errno 2] No such file or directory

test arg FAILED (0 of 10)
 (Bad arguments)
 Unexpected exception [Errno 2] No such file or directory

test arg2 FAILED (0 of 10)
 (Bad arguments)
 Unexpected exception [Errno 2] No such file or directory

test arg3 FAILED (0 of 10)
 (Invalid key value)
 Unexpected exception [Errno 2] No such file or directory

test badin FAILED (0 of 10)
 (Bad input file)
 Unexpected exception [Errno 2] No such file or directory

test toolong FAILED (0 of 10)
 (some line has more than 128 characters)
 Unexpected exception [Errno 2] No such file or directory

Passed 0 of 11 tests.
Overall 0 of 11
Points 0 of 100
